[07/Oct/2015:23:35:36] (entry_point_one) BEGIN: 1444260936#####
[07/Oct/2015:23:35:40] (entry_point_one) Success: PDF saved in directory files/123456/SiteLicense-ABC2211.pdf
[07/Oct/2015:23:35:40] (entry_point_one) END: 1444260936#####
[07/Oct/2015:23:36:22] (entry_point_one) BEGIN: 1444260982#####
[07/Oct/2015:23:36:26] (entry_point_one) Success: PDF saved in directory files/123456/SiteLicense-ABC2211.pdf
[07/Oct/2015:23:36:26] (entry_point_one) END: 1444260982#####
[07/Oct/2015:23:48:03] (entry_point_one) BEGIN: 1444261683#####
[07/Oct/2015:23:48:03] (entry_point_one) Message: Request to storage has been started..........
[07/Oct/2015:23:48:03] (entry_point_one) Server URL: http://testmirror.localhost
[07/Oct/2015:23:48:03] (entry_point_one) FormId: 
[07/Oct/2015:23:48:03] (entry_point_one) Response: url=http%3A%2F%2Ftestmirror.localhost%2F&http_code=0&header_size=0&request_size=0&filetime=-1&ssl_verify_result=0&redirect_count=0&total_time=0&namelookup_time=0&connect_time=0&pretransfer_time=0&size_upload=0&size_download=0&speed_download=0&speed_upload=0&download_content_length=-1&upload_content_length=-1&starttransfer_time=0&redirect_time=0&redirect_url=&primary_ip=&primary_port=0&local_ip=&local_port=0&mirror_url=http%3A%2F%2Ftestmirror.localhost&status=Server+unavailable.
[07/Oct/2015:23:48:06] (entry_point_one) Message: File has been removed -  /Applications/MAMP/htdocs/SDTMirror/files/123456/SiteLicense-ABC2211.pdf
[07/Oct/2015:23:48:06] (entry_point_one) Success: PDF saved in directory files/123456/SiteLicense-ABC2211.pdf
[07/Oct/2015:23:48:06] (entry_point_one) END: 1444261683#####
[07/Oct/2015:23:50:02] (entry_point_one) BEGIN: 1444261802#####
[07/Oct/2015:23:50:02] (entry_point_one) Message: Request to storage has been started..........
[07/Oct/2015:23:50:02] (entry_point_one) Server URL: http://testmirror.localhost
[07/Oct/2015:23:50:02] (entry_point_one) FormId: 
[07/Oct/2015:23:50:02] (entry_point_one) Response: url=http%3A%2F%2Ftestmirror.localhost%2F&http_code=0&header_size=0&request_size=0&filetime=-1&ssl_verify_result=0&redirect_count=0&total_time=0&namelookup_time=0&connect_time=0&pretransfer_time=0&size_upload=0&size_download=0&speed_download=0&speed_upload=0&download_content_length=-1&upload_content_length=-1&starttransfer_time=0&redirect_time=0&redirect_url=&primary_ip=&primary_port=0&local_ip=&local_port=0&mirror_url=http%3A%2F%2Ftestmirror.localhost&status=Server+unavailable.
[07/Oct/2015:23:50:05] (entry_point_one) Success: PDF saved in directory files/123456/SiteLicense-ABC2211.pdf
[07/Oct/2015:23:50:05] (entry_point_one) END: 1444261802#####
[07/Oct/2015:23:52:34] (entry_point_one) BEGIN: 1444261954#####
[07/Oct/2015:23:52:34] (entry_point_one) Message: Request to storage has been started..........
[07/Oct/2015:23:52:34] (entry_point_one) Server URL: http://testmirror.localhost
[07/Oct/2015:23:52:34] (entry_point_one) FormId: 
[07/Oct/2015:23:52:34] (entry_point_one) Response: url=http%3A%2F%2Ftestmirror.localhost%2F&http_code=0&header_size=0&request_size=0&filetime=-1&ssl_verify_result=0&redirect_count=0&total_time=0&namelookup_time=0&connect_time=0&pretransfer_time=0&size_upload=0&size_download=0&speed_download=0&speed_upload=0&download_content_length=-1&upload_content_length=-1&starttransfer_time=0&redirect_time=0&redirect_url=&primary_ip=&primary_port=0&local_ip=&local_port=0&mirror_url=http%3A%2F%2Ftestmirror.localhost&status=Server+unavailable.
[07/Oct/2015:23:52:37] (entry_point_one) Success: PDF saved in directory files/123456/SiteLicense-ABC2211.pdf
[07/Oct/2015:23:52:37] (entry_point_one) END: 1444261954#####
